2024-06-18 10:33:08.943951: I tensorflow/core/util/port.cc:113] oneDNN custom operations are on. You may see slightly different numerical results due to floating-point round-off errors from different computation orders. To turn them off, set the environment variable `TF_ENABLE_ONEDNN_OPTS=0`.
2024-06-18 10:33:08.948897: I external/local_tsl/tsl/cuda/cudart_stub.cc:32] Could not find cuda drivers on your machine, GPU will not be used.
2024-06-18 10:33:09.096169: I external/local_tsl/tsl/cuda/cudart_stub.cc:32] Could not find cuda drivers on your machine, GPU will not be used.
2024-06-18 10:33:09.672739: I tensorflow/core/platform/cpu_feature_guard.cc:210] This TensorFlow binary is optimized to use available CPU instructions in performance-critical operations.
To enable the following instructions: AVX2 AVX512F AVX512_VNNI AVX512_BF16 FMA, in other operations, rebuild TensorFlow with the appropriate compiler flags.
2024-06-18 10:33:11.999929: W tensorflow/compiler/tf2tensorrt/utils/py_utils.cc:38] TF-TRT Warning: Could not find TensorRT
2024-06-18 10:33:28.717743: E external/local_xla/xla/stream_executor/cuda/cuda_driver.cc:282] failed call to cuInit: CUDA_ERROR_NO_DEVICE: no CUDA-capable device is detected
Running train
Traceback (most recent call last):
  File "/cluster/home/okulseng/PELICAN/experiments/_present/mlp-nano-pelican-mlp/model", line 54, in <module>
    main()
  File "/cluster/home/okulseng/PELICAN/experiments/_present/mlp-nano-pelican-mlp/model", line 51, in main
    run(CreateModel)
  File "/cluster/home/okulseng/PELICAN/nanopelican/scripts/run.py", line 46, in run
    train(model, conf)
  File "/cluster/home/okulseng/PELICAN/nanopelican/scripts/train.py", line 21, in train
    model = model(dataset.train.x_data.shape[1:], conf['model'])
            ^^^^^^^^^^^^^^^^^^^^^^^^^^^^^^^^^^^^^^^^^^^^^^^^^^^^
  File "/cluster/home/okulseng/PELICAN/experiments/_present/mlp-nano-pelican-mlp/model", line 24, in CreateModel
    x, mask = InnerProduct(conf['inner_product'])(x)
    ^^^^^^^
  File "/cluster/home/okulseng/.local/lib64/python3.11/site-packages/keras/src/backend/common/keras_tensor.py", line 120, in __iter__
    raise NotImplementedError(
NotImplementedError: Iterating over a symbolic KerasTensor is not supported.
