2024-05-29 22:51:13.223132: I external/local_tsl/tsl/cuda/cudart_stub.cc:32] Could not find cuda drivers on your machine, GPU will not be used.
2024-05-29 22:51:13.229131: I external/local_tsl/tsl/cuda/cudart_stub.cc:32] Could not find cuda drivers on your machine, GPU will not be used.
2024-05-29 22:51:13.314709: I tensorflow/core/platform/cpu_feature_guard.cc:210] This TensorFlow binary is optimized to use available CPU instructions in performance-critical operations.
To enable the following instructions: AVX2 FMA, in other operations, rebuild TensorFlow with the appropriate compiler flags.
2024-05-29 22:51:15.624529: W tensorflow/compiler/tf2tensorrt/utils/py_utils.cc:38] TF-TRT Warning: Could not find TensorRT
2024-05-29 22:51:25.940907: E external/local_xla/xla/stream_executor/cuda/cuda_driver.cc:282] failed call to cuInit: CUDA_ERROR_NO_DEVICE: no CUDA-capable device is detected
Running train
Model: "functional_1"
┏━━━━━━━━━━━━━━━━━━━━━━━━━━━━━━━━━┳━━━━━━━━━━━━━━━━━━━━━━━━┳━━━━━━━━━━━━━━━┓
┃ Layer (type)                    ┃ Output Shape           ┃       Param # ┃
┡━━━━━━━━━━━━━━━━━━━━━━━━━━━━━━━━━╇━━━━━━━━━━━━━━━━━━━━━━━━╇━━━━━━━━━━━━━━━┩
│ input_layer (InputLayer)        │ (None, 32, 4)          │             0 │
├─────────────────────────────────┼────────────────────────┼───────────────┤
│ inner_product (InnerProduct)    │ (None, 32, 32, 1)      │             0 │
├─────────────────────────────────┼────────────────────────┼───────────────┤
│ lineq2v2 (Lineq2v2)             │ (None, 32, 32, 7)      │             0 │
├─────────────────────────────────┼────────────────────────┼───────────────┤
│ dense (Dense)                   │ (None, 32, 32, 4)      │            32 │
├─────────────────────────────────┼────────────────────────┼───────────────┤
│ lineq2v0 (Lineq2v0)             │ (None, 8)              │             0 │
├─────────────────────────────────┼────────────────────────┼───────────────┤
│ dense_1 (Dense)                 │ (None, 64)             │           576 │
├─────────────────────────────────┼────────────────────────┼───────────────┤
│ dense_2 (Dense)                 │ (None, 64)             │         4,160 │
├─────────────────────────────────┼────────────────────────┼───────────────┤
│ dense_3 (Dense)                 │ (None, 32)             │         2,080 │
├─────────────────────────────────┼────────────────────────┼───────────────┤
│ dense_4 (Dense)                 │ (None, 5)              │           165 │
└─────────────────────────────────┴────────────────────────┴───────────────┘
 Total params: 7,013 (27.39 KB)
 Trainable params: 7,013 (27.39 KB)
 Non-trainable params: 0 (0.00 B)
0epoch [00:00, ?epoch/s]  0%|          | 0/1000 [00:00<?, ?epoch/s]/cluster/home/okulseng/.local/lib64/python3.11/site-packages/keras/src/trainers/data_adapters/py_dataset_adapter.py:120: UserWarning: Your `PyDataset` class should call `super().__init__(**kwargs)` in its constructor. `**kwargs` can include `workers`, `use_multiprocessing`, `max_queue_size`. Do not pass these arguments to `fit()`, as they will be ignored.
  self._warn_if_super_not_called()
